{
  "stats": {
    "suites": 1,
    "tests": 4,
    "passes": 4,
    "pending": 0,
    "failures": 0,
    "start": "2024-09-17T01:33:14.854Z",
    "end": "2024-09-17T01:33:33.629Z",
    "duration": 18775,
    "testsRegistered": 4,
    "passPercent": 100,
    "pendingPercent": 0,
    "other": 0,
    "hasOther": false,
    "skipped": 0,
    "hasSkipped": false
  },
  "results": [
    {
      "uuid": "4a657047-0f4a-401d-8df8-4b02b9ab722d",
      "title": "",
      "fullFile": "cypress\\e2e\\OdontoManage\\StockSpec.cy.js",
      "file": "cypress\\e2e\\OdontoManage\\StockSpec.cy.js",
      "beforeHooks": [],
      "afterHooks": [],
      "tests": [],
      "suites": [
        {
          "uuid": "0caf909f-f55d-4b50-84ce-71d7a128eaac",
          "title": "OdontoManage Stock",
          "fullFile": "",
          "file": "",
          "beforeHooks": [],
          "afterHooks": [],
          "tests": [
            {
              "title": "criar um novo produto",
              "fullTitle": "OdontoManage Stock criar um novo produto",
              "timedOut": null,
              "duration": 5939,
              "state": "passed",
              "speed": "medium",
              "pass": true,
              "fail": false,
              "pending": false,
              "context": null,
              "code": "cy.login();\n//clica em estoque\ncy.get('a[href=\"/stock\"]').click();\n//verifica se ta na rota de /stock\ncy.url().should('include', '/stock');\n//clica em botao de Novo Produto\\\ncy.get('button').contains('Novo Produto').click();\n//preenche os campos\ncy.get('input[id=\"name\"]').type('Produto Teste');\ncy.get('input[id=\"amount\"]').type('100');\ncy.get('input[id=\"price\"]').type('10');\n//clica no botao de salvar\ncy.get('button').contains('Cadastrar').click();\n//verifica se o produto foi criado\ncy.contains('Produto Teste');",
              "err": {},
              "uuid": "4caabe13-5c42-46d3-a5c5-eacfa7d33e11",
              "parentUUID": "0caf909f-f55d-4b50-84ce-71d7a128eaac",
              "isHook": false,
              "skipped": false
            },
            {
              "title": "editar um produto",
              "fullTitle": "OdontoManage Stock editar um produto",
              "timedOut": null,
              "duration": 4522,
              "state": "passed",
              "speed": "fast",
              "pass": true,
              "fail": false,
              "pending": false,
              "context": null,
              "code": "cy.login();\n//clica em estoque\ncy.get('a[href=\"/stock\"]').click();\n//verifica se ta na rota de /stock\ncy.url().should('include', '/stock');\n//clica no botao de editar\ncy.get('div').contains('Produto Teste').parent().parent().find('td').eq(4).find('svg').eq(0).click();\n//edita os campos\ncy.get('input[id=\"name\"]').clear().type('Produto Teste Editado');\ncy.get('input[id=\"amount\"]').clear().type('200');\ncy.get('input[id=\"price\"]').clear().type('20');\n//clica no botao de salvar\ncy.get('button').contains('Salvar').click();\n//verifica se o produto foi editado\ncy.contains('Produto Teste Editado');",
              "err": {},
              "uuid": "31dbbbb0-af2f-4754-98fe-d17b75e73d4a",
              "parentUUID": "0caf909f-f55d-4b50-84ce-71d7a128eaac",
              "isHook": false,
              "skipped": false
            },
            {
              "title": "fazer retirada de produto no estoque",
              "fullTitle": "OdontoManage Stock fazer retirada de produto no estoque",
              "timedOut": null,
              "duration": 3422,
              "state": "passed",
              "speed": "fast",
              "pass": true,
              "fail": false,
              "pending": false,
              "context": null,
              "code": "cy.login();\n//clica em estoque\ncy.get('a[href=\"/stock\"]').click();\n//verifica se ta na rota de /stock\ncy.url().should('include', '/stock');\n//clica no botao de retirar\ncy.get('div').contains('Produto Teste Editado').parent().parent().find('td').eq(3).find('svg').click();\n//edita os campos\ncy.get('input[id=\"quantity\"]').clear().type('50');\n//clica no botao de retirar\ncy.get('button').contains('OK').click();\n//verifica se o produto foi retirado\ncy.contains('Produto Teste Editado').parent().parent().find('td').eq(2).should('have.text', '150');",
              "err": {},
              "uuid": "a0ae351f-6183-4bdc-90ba-d3c69f460215",
              "parentUUID": "0caf909f-f55d-4b50-84ce-71d7a128eaac",
              "isHook": false,
              "skipped": false
            },
            {
              "title": "deletar um produto",
              "fullTitle": "OdontoManage Stock deletar um produto",
              "timedOut": null,
              "duration": 3272,
              "state": "passed",
              "speed": "fast",
              "pass": true,
              "fail": false,
              "pending": false,
              "context": null,
              "code": "cy.login();\n//clica em estoque\ncy.get('a[href=\"/stock\"]').click();\n//verifica se ta na rota de /stock\ncy.url().should('include', '/stock');\n//clica no botao de deletar\ncy.get('div').contains('Produto Teste Editado').parent().parent().find('td').eq(4).find('svg').eq(1).click();\n//confirma a exclusao\ncy.get('button').contains('Sim').click();\n//verifica se o produto foi deletado\ncy.contains('Produto Teste Editado').should('not.exist');",
              "err": {},
              "uuid": "ac99a4d2-30cf-4eb2-96b1-4ad7e5012329",
              "parentUUID": "0caf909f-f55d-4b50-84ce-71d7a128eaac",
              "isHook": false,
              "skipped": false
            }
          ],
          "suites": [],
          "passes": [
            "4caabe13-5c42-46d3-a5c5-eacfa7d33e11",
            "31dbbbb0-af2f-4754-98fe-d17b75e73d4a",
            "a0ae351f-6183-4bdc-90ba-d3c69f460215",
            "ac99a4d2-30cf-4eb2-96b1-4ad7e5012329"
          ],
          "failures": [],
          "pending": [],
          "skipped": [],
          "duration": 17155,
          "root": false,
          "rootEmpty": false,
          "_timeout": 2000
        }
      ],
      "passes": [],
      "failures": [],
      "pending": [],
      "skipped": [],
      "duration": 0,
      "root": true,
      "rootEmpty": true,
      "_timeout": 2000
    }
  ],
  "meta": {
    "mocha": {
      "version": "7.0.1"
    },
    "mochawesome": {
      "options": {
        "quiet": false,
        "reportFilename": "mochawesome",
        "saveHtml": true,
        "saveJson": true,
        "consoleReporter": "spec",
        "useInlineDiffs": false,
        "code": true
      },
      "version": "7.1.3"
    },
    "marge": {
      "options": {
        "reportDir": "cypress/reports",
        "overwrite": false,
        "html": true,
        "json": true
      },
      "version": "6.2.0"
    }
  }
}